{
  "RSpec": {
    "coverage": {
      "/Users/jensonsu/Google 雲端硬碟Google 雲端硬碟(jenson.su@iss.nthu.edu.tw)/NTHU ISS/SOA/Week 5 - Web API's/THSR-lib/lib/api.rb": {
        "lines": [
          null,
          null,
          1,
          1,
          1,
          1,
          1,
          1,
          1,
          null,
          1,
          null,
          1,
          1,
          null,
          1,
          null,
          null,
          null,
          null,
          1,
          null,
          1,
          0,
          null,
          0,
          0,
          null,
          null,
          1,
          null,
          null,
          null,
          0,
          0,
          null,
          null,
          1,
          null,
          null,
          null,
          0,
          0,
          null,
          null,
          1,
          null,
          1,
          0,
          0,
          0,
          null,
          null,
          1,
          0,
          null,
          null,
          null
        ]
      },
      "/Users/jensonsu/Google 雲端硬碟Google 雲端硬碟(jenson.su@iss.nthu.edu.tw)/NTHU ISS/SOA/Week 5 - Web API's/THSR-lib/lib/base.rb": {
        "lines": [
          null,
          null,
          1,
          null,
          1,
          1,
          0,
          0,
          null,
          null,
          1,
          0,
          0,
          0,
          0,
          0,
          null,
          null,
          0,
          0,
          null,
          null,
          1,
          null,
          1,
          0,
          0,
          0,
          null,
          null,
          1,
          0,
          null,
          null,
          1,
          0,
          null,
          null,
          1,
          0,
          null,
          null,
          null
        ]
      },
      "/Users/jensonsu/Google 雲端硬碟Google 雲端硬碟(jenson.su@iss.nthu.edu.tw)/NTHU ISS/SOA/Week 5 - Web API's/THSR-lib/lib/options.rb": {
        "lines": [
          null,
          null,
          1,
          null,
          1,
          1,
          0,
          null,
          null,
          1,
          0,
          null,
          0,
          0,
          null,
          null,
          null
        ]
      },
      "/Users/jensonsu/Google 雲端硬碟Google 雲端硬碟(jenson.su@iss.nthu.edu.tw)/NTHU ISS/SOA/Week 5 - Web API's/THSR-lib/lib/errors.rb": {
        "lines": [
          null,
          null,
          1,
          null,
          1,
          null,
          1,
          null,
          1,
          null,
          null,
          1,
          null,
          null,
          1,
          null,
          null,
          1,
          null
        ]
      },
      "/Users/jensonsu/Google 雲端硬碟Google 雲端硬碟(jenson.su@iss.nthu.edu.tw)/NTHU ISS/SOA/Week 5 - Web API's/THSR-lib/lib/city.rb": {
        "lines": [
          null,
          null,
          1,
          null,
          1,
          1,
          0,
          0,
          null,
          null,
          1,
          0,
          null,
          0,
          0,
          0,
          0,
          0,
          0,
          null,
          null,
          1,
          null,
          1,
          0,
          0,
          0,
          null,
          0,
          null,
          null,
          1,
          0,
          null,
          0,
          null,
          null,
          null
        ]
      },
      "/Users/jensonsu/Google 雲端硬碟Google 雲端硬碟(jenson.su@iss.nthu.edu.tw)/NTHU ISS/SOA/Week 5 - Web API's/THSR-lib/lib/park.rb": {
        "lines": [
          null,
          null,
          1,
          null,
          1,
          1,
          0,
          0,
          null,
          null,
          1,
          0,
          null,
          null,
          1,
          0,
          null,
          null,
          1,
          0,
          null,
          0,
          0,
          null,
          null,
          null,
          null,
          1,
          null,
          1,
          0,
          0,
          null,
          0,
          null,
          null,
          null
        ]
      },
      "/Users/jensonsu/Google 雲端硬碟Google 雲端硬碟(jenson.su@iss.nthu.edu.tw)/NTHU ISS/SOA/Week 5 - Web API's/THSR-lib/app/models/gateways/api.rb": {
        "lines": [
          null,
          null,
          1,
          1,
          null,
          1,
          1,
          1,
          1,
          1,
          null,
          1,
          1,
          null,
          1,
          1,
          null,
          1,
          null,
          null,
          null,
          null,
          1,
          null,
          1,
          10,
          null,
          9,
          null,
          9,
          6,
          null,
          null,
          1,
          null,
          null,
          null,
          3,
          3,
          null,
          null,
          1,
          null,
          null,
          null,
          3,
          3,
          null,
          null,
          1,
          null,
          1,
          9,
          9,
          9,
          null,
          null,
          1,
          9,
          null,
          null,
          null,
          null
        ]
      },
      "/Users/jensonsu/Google 雲端硬碟Google 雲端硬碟(jenson.su@iss.nthu.edu.tw)/NTHU ISS/SOA/Week 5 - Web API's/THSR-lib/app/models/utils/errors.rb": {
        "lines": [
          null,
          null,
          1,
          null,
          1,
          null,
          1,
          null,
          1,
          null,
          null,
          1,
          null,
          null,
          1,
          null,
          null,
          1,
          null
        ]
      },
      "/Users/jensonsu/Google 雲端硬碟Google 雲端硬碟(jenson.su@iss.nthu.edu.tw)/NTHU ISS/SOA/Week 5 - Web API's/THSR-lib/app/models/utils/options.rb": {
        "lines": [
          null,
          null,
          1,
          1,
          null,
          1,
          1,
          10,
          null,
          null,
          1,
          10,
          null,
          14,
          5,
          null,
          null,
          null,
          null
        ]
      },
      "/Users/jensonsu/Google 雲端硬碟Google 雲端硬碟(jenson.su@iss.nthu.edu.tw)/NTHU ISS/SOA/Week 5 - Web API's/THSR-lib/app/models/mappers/base_mapper.rb": {
        "lines": [
          null,
          null,
          1,
          null,
          1,
          1,
          null,
          1,
          null,
          1,
          null,
          1,
          1,
          9,
          9,
          9,
          null,
          null,
          null,
          null,
          1,
          9,
          180,
          null,
          null,
          9,
          9,
          null,
          null,
          1,
          null,
          1,
          9,
          9,
          9,
          null,
          null,
          1,
          21,
          null,
          null,
          1,
          21,
          null,
          null,
          1,
          101,
          null,
          null,
          null,
          1,
          1,
          180,
          null,
          null,
          1,
          180,
          null,
          null,
          null,
          null,
          null,
          null,
          null,
          null,
          null,
          null,
          null,
          null,
          null
        ]
      },
      "/Users/jensonsu/Google 雲端硬碟Google 雲端硬碟(jenson.su@iss.nthu.edu.tw)/NTHU ISS/SOA/Week 5 - Web API's/THSR-lib/app/models/entities/single_park.rb": {
        "lines": [
          null,
          null,
          1,
          1,
          null,
          1,
          1,
          null,
          1,
          1,
          null,
          null,
          1,
          1,
          1,
          1,
          1,
          1,
          1,
          null,
          null,
          null
        ]
      },
      "/Users/jensonsu/Google 雲端硬碟Google 雲端硬碟(jenson.su@iss.nthu.edu.tw)/NTHU ISS/SOA/Week 5 - Web API's/THSR-lib/app/models/entities/multi_park.rb": {
        "lines": [
          null,
          null,
          1,
          null,
          1,
          1,
          null,
          1,
          1,
          null,
          1,
          1,
          null,
          null,
          null
        ]
      },
      "/Users/jensonsu/Google 雲端硬碟Google 雲端硬碟(jenson.su@iss.nthu.edu.tw)/NTHU ISS/SOA/Week 5 - Web API's/THSR-lib/app/models/mappers/city_mapper.rb": {
        "lines": [
          null,
          null,
          1,
          null,
          1,
          null,
          1,
          null,
          1,
          1,
          3,
          3,
          null,
          null,
          1,
          3,
          null,
          2,
          null,
          2,
          null,
          null,
          1,
          null,
          1,
          22,
          null,
          null,
          1,
          3,
          null,
          2,
          null,
          null,
          null,
          null
        ]
      },
      "/Users/jensonsu/Google 雲端硬碟Google 雲端硬碟(jenson.su@iss.nthu.edu.tw)/NTHU ISS/SOA/Week 5 - Web API's/THSR-lib/app/models/mappers/park_mapper.rb": {
        "lines": [
          null,
          null,
          1,
          null,
          1,
          null,
          1,
          null,
          1,
          1,
          3,
          3,
          null,
          null,
          1,
          3,
          null,
          2,
          null,
          2,
          null,
          null,
          1,
          null,
          1,
          22,
          null,
          null,
          1,
          3,
          3,
          null,
          2,
          null,
          null,
          null,
          null
        ]
      }
    },
    "timestamp": 1603984152
  }
}
